
<beans xmlns="http://www.springframework.org/schema/beans"
	xmlns:context="http://www.springframework.org/schema/context"
	xmlns:mvc="http://www.springframework.org/schema/mvc" 
	xmlns:util="http://www.springframework.org/schema/util"
	xmlns:xsi="http://www.w3.org/2001/XMLSchema-instance"
	xmlns:aop="http://www.springframework.org/schema/aop"
	xmlns:cache="http://www.springframework.org/schema/cache"
	xmlns:p="http://www.springframework.org/schema/p" 
	xsi:schemaLocation="
        http://www.springframework.org/schema/beans     
        http://www.springframework.org/schema/beans/spring-beans-3.0.xsd
        http://www.springframework.org/schema/context 
        http://www.springframework.org/schema/context/spring-context-3.0.xsd
        http://www.springframework.org/schema/mvc
        http://www.springframework.org/schema/mvc/spring-mvc-3.0.xsd
        http://www.springframework.org/schema/aop 
	    http://www.springframework.org/schema/aop/spring-aop-3.0.xsd
	    http://www.springframework.org/schema/cache 
        http://www.springframework.org/schema/cache/spring-cache.xsd
        http://www.springframework.org/schema/util
        http://www.springframework.org/schema/util/spring-util-3.0.xsd">

	<!-- Activates various annotations to be detected in bean classes -->
	<context:annotation-config />
	
	<!-- Scans the classpath for annotated components that will be auto-registered as Spring beans.
	 For example @Controller and @Service. Make sure to set the correct base-package-->
	<context:component-scan base-package="com.genophen.crm" />
	<context:property-placeholder location="classpath:env.properties,classpath:crm.properties,classpath:junit.properties"/>
		
	<!-- <context:property-placeholder location="file:/opt/crm/config/env.properties,classpath:crm.properties" />  -->
	
	<!-- Configures the annotation-driven Spring MVC Controller programming model.
	Note that, with Spring 3.0, this tag works in Servlet MVC only!  -->
	<mvc:annotation-driven /> 
	
	<aop:aspectj-autoproxy />
	
		<!-- Process cache annotations -->
	<cache:annotation-driven />

	<bean id="cacheManager" class="org.springframework.cache.ehcache.EhCacheCacheManager" 
		p:cache-manager-ref="ehcache"/> 
	<bean id="ehcache" class="org.springframework.cache.ehcache.EhCacheManagerFactoryBean" 
		p:config-location="classpath:ehcache.xml"/> 
		
		
	<!-- Aspect -->
	<bean id="logAspect" class="com.genophen.crm.aspect.LoggingAspect" /> 
	
	<!-- Loads MongoDB configuraton -->
	<import resource="mongo-config.xml"/>

    <!-- Loads all the notifiers -->
    <import resource="notifiers.xml"/>
	<bean id="messageSource"
		class="org.springframework.context.support.ResourceBundleMessageSource">
		<property name="basename" value="messages" />
	</bean>
</beans>